Loading the ModusToolbox Technology Packs and Early Access Packs
Finished loading the ModusToolbox Technology Packs and Early Access Packs (0 ms)
Loading the tools information
Finished loading the tools information (22 ms)
directory 'C:/ProgramData/Infineon_Technologies_AG/Infineon-Toolbox' does not exist
Using the executable path for the tools directory.
Loading the application in directory 'C:/Users/Jared/mtw/Firmware_Upgrade_via_OTA_20'
creating application information from 'get_app_info' data
finished creating application information from 'get_app_info' data (11 ms)
Finished loading the application data (2813 ms total, 2798 make)
Loading asset repository references
Finished loading the asset repository references (1095 ms)
Loading the manifest data
Loading super manfiest files from all sources
Getting manifests from remote and/or local sources
Processing system manifest 'https://modustoolbox.infineon.com/manifests/mtb-super-manifest/v2.X/mtb-super-manifest-fv2.xml'
Downloading super manifest file 'https://modustoolbox.infineon.com/manifests/mtb-super-manifest/v2.X/mtb-super-manifest-fv2.xml'
Finished loading super manifest files from all sources
Finished download of file 'https://modustoolbox.infineon.com/manifests/mtb-super-manifest/v2.X/mtb-super-manifest-fv2.xml'
Starting to parse super manifest with URL 'https://modustoolbox.infineon.com/manifests/mtb-super-manifest/v2.X/mtb-super-manifest-fv2.xml'
Finished parsing super manifest with URL 'https://modustoolbox.infineon.com/manifests/mtb-super-manifest/v2.X/mtb-super-manifest-fv2.xml'
Downloading manifest file 'https://github.com/Infineon/mtb-ce-manifest/raw/v2.X/mtb-ce-manifest.xml'
Downloading manifest file 'https://github.com/Infineon/mtb-ce-manifest/raw/v2.X/mtb-ce-manifest-fv2.xml'
Downloading manifest file 'https://github.com/Infineon/mtb-bt-app-manifest/raw/v2.X/mtb-bt-app-manifest.xml'
Downloading manifest file 'https://github.com/Infineon/mtb-bt-app-manifest/raw/v2.X/mtb-bt-app-manifest-fv2.xml'
Downloading manifest file 'https://github.com/Infineon/cce-app-manifest/raw/v2.X/cce-app-manifest-fv2.xml'
Downloading manifest file 'https://github.com/Altia-Marketing/altia-ce-manifest/raw/main/altia-ce-manifest-fv2.xml'
Downloading manifest file 'https://github.com/CyberonEBU/cyberon-mtb-ce-manifest/raw/main/cyberon-mtb-ce-manifest-fv2.xml'
Downloading manifest file 'https://github.com/edgeimpulse/edgeimpulse-ce-manifest/raw/main/edgeimpulse-ce-manifest-fv2.xml'
Downloading manifest file 'https://github.com/golioth/mtb-golioth-ce-manifest/raw/main/mtb-golioth-ce-manifest-fv2.xml'
Downloading manifest file 'https://github.com/memfault/mtb-memfault-ce-manifest/raw/main/mtb-memfault-ce-manifest-fv2.xml'
Downloading manifest file 'https://github.com/RutronikSystemSolutions/rutronik-ce-manifest/raw/main/rutronik-ce-manifest-fv2.xml'
Downloading manifest file 'https://github.com/sensiml/sensiml-ce-manifest/raw/main/sensiml-ce-manifest-fv2.xml'
Downloading manifest file 'https://github.com/Infineon/mtb-bsp-manifest/raw/v2.X/mtb-bsp-manifest.xml'
Downloading manifest file 'https://github.com/Infineon/mtb-bsp-manifest/raw/v2.X/mtb-bsp-manifest-fv2.xml'
Downloading manifest file 'https://github.com/Infineon/mtb-bsp-manifest/raw/v2.X/mtb-bsp-dependencies-manifest.xml'
Downloading manifest file 'https://github.com/Infineon/mtb-bt-bsp-manifest/raw/v2.X/mtb-bt-bsp-manifest.xml'
Downloading manifest file 'https://github.com/Infineon/mtb-bt-bsp-manifest/raw/v2.X/mtb-bt-bsp-manifest-fv2.xml'
Downloading manifest file 'https://github.com/Infineon/mtb-bt-bsp-manifest/raw/v2.X/mtb-bt-bsp-dependencies-manifest.xml'
Downloading manifest file 'https://github.com/RutronikSystemSolutions/rutronik-bsp-manifest/raw/main/rutronik-bsp-manifest-fv2.xml'
Downloading manifest file 'https://github.com/RutronikSystemSolutions/rutronik-bsp-manifest/raw/main/rutronik-bsp-dependencies-manifest.xml'
Downloading manifest file 'https://github.com/Infineon/mtb-mw-manifest/raw/v2.X/mtb-mw-manifest.xml'
Downloading manifest file 'https://github.com/Infineon/mtb-mw-manifest/raw/v2.X/mtb-mw-manifest-fv2.xml'
Downloading manifest file 'https://github.com/Infineon/mtb-mw-manifest/raw/v2.X/mtb-mw-dependencies-manifest.xml'
Downloading manifest file 'https://github.com/Infineon/mtb-bt-mw-manifest/raw/v2.X/mtb-bt-mw-manifest.xml'
Downloading manifest file 'https://github.com/Infineon/mtb-bt-mw-manifest/raw/v2.X/mtb-bt-mw-manifest-fv2.xml'
Downloading manifest file 'https://github.com/Infineon/mtb-bt-mw-manifest/raw/v2.X/mtb-bt-mw-dependencies-manifest.xml'
Downloading manifest file 'https://github.com/Infineon/mtb-wifi-mw-manifest/raw/v2.X/mtb-wifi-mw-manifest.xml'
Downloading manifest file 'https://github.com/Infineon/mtb-wifi-mw-manifest/raw/v2.X/mtb-wifi-mw-manifest-fv2.xml'
Downloading manifest file 'https://github.com/Infineon/mtb-wifi-mw-manifest/raw/v2.X/mtb-wifi-mw-dependencies-manifest.xml'
Downloading manifest file 'https://github.com/CyberonEBU/cyberon-mtb-mw-manifest/raw/main/cyberon-mtb-mw-manifest-fv2.xml'
Downloading manifest file 'https://github.com/golioth/mtb-golioth-mw-manifest/raw/main/mtb-golioth-mw-manifest-fv2.xml'
Downloading manifest file 'https://github.com/memfault/mtb-memfault-mw-manifest/raw/main/mtb-memfault-mw-manifest-fv2.xml'
Downloading manifest file 'https://github.com/sensiml/sensiml-mw-manifest/raw/main/sensiml-mw-manifest-fv2.xml'
Finished download of file 'https://github.com/Infineon/mtb-ce-manifest/raw/v2.X/mtb-ce-manifest.xml'
Finished download of file 'https://github.com/Infineon/mtb-ce-manifest/raw/v2.X/mtb-ce-manifest-fv2.xml'
Finished download of file 'https://github.com/Infineon/mtb-bt-app-manifest/raw/v2.X/mtb-bt-app-manifest.xml'
Finished download of file 'https://github.com/Infineon/mtb-bt-app-manifest/raw/v2.X/mtb-bt-app-manifest-fv2.xml'
Finished download of file 'https://github.com/Infineon/cce-app-manifest/raw/v2.X/cce-app-manifest-fv2.xml'
Finished download of file 'https://github.com/Altia-Marketing/altia-ce-manifest/raw/main/altia-ce-manifest-fv2.xml'
Finished download of file 'https://github.com/CyberonEBU/cyberon-mtb-ce-manifest/raw/main/cyberon-mtb-ce-manifest-fv2.xml'
Finished download of file 'https://github.com/edgeimpulse/edgeimpulse-ce-manifest/raw/main/edgeimpulse-ce-manifest-fv2.xml'
Finished download of file 'https://github.com/golioth/mtb-golioth-ce-manifest/raw/main/mtb-golioth-ce-manifest-fv2.xml'
Finished download of file 'https://github.com/memfault/mtb-memfault-ce-manifest/raw/main/mtb-memfault-ce-manifest-fv2.xml'
Finished download of file 'https://github.com/RutronikSystemSolutions/rutronik-ce-manifest/raw/main/rutronik-ce-manifest-fv2.xml'
Finished download of file 'https://github.com/sensiml/sensiml-ce-manifest/raw/main/sensiml-ce-manifest-fv2.xml'
Finished download of file 'https://github.com/Infineon/mtb-bsp-manifest/raw/v2.X/mtb-bsp-manifest.xml'
Finished download of file 'https://github.com/Infineon/mtb-bsp-manifest/raw/v2.X/mtb-bsp-manifest-fv2.xml'
Finished download of file 'https://github.com/Infineon/mtb-bsp-manifest/raw/v2.X/mtb-bsp-dependencies-manifest.xml'
Finished download of file 'https://github.com/Infineon/mtb-bt-bsp-manifest/raw/v2.X/mtb-bt-bsp-manifest.xml'
Finished download of file 'https://github.com/Infineon/mtb-bt-bsp-manifest/raw/v2.X/mtb-bt-bsp-manifest-fv2.xml'
Finished download of file 'https://github.com/Infineon/mtb-bt-bsp-manifest/raw/v2.X/mtb-bt-bsp-dependencies-manifest.xml'
Finished download of file 'https://github.com/RutronikSystemSolutions/rutronik-bsp-manifest/raw/main/rutronik-bsp-manifest-fv2.xml'
Finished download of file 'https://github.com/RutronikSystemSolutions/rutronik-bsp-manifest/raw/main/rutronik-bsp-dependencies-manifest.xml'
Finished download of file 'https://github.com/Infineon/mtb-mw-manifest/raw/v2.X/mtb-mw-manifest.xml'
Finished download of file 'https://github.com/Infineon/mtb-mw-manifest/raw/v2.X/mtb-mw-manifest-fv2.xml'
Finished download of file 'https://github.com/Infineon/mtb-mw-manifest/raw/v2.X/mtb-mw-dependencies-manifest.xml'
Finished download of file 'https://github.com/Infineon/mtb-bt-mw-manifest/raw/v2.X/mtb-bt-mw-manifest.xml'
Finished download of file 'https://github.com/Infineon/mtb-bt-mw-manifest/raw/v2.X/mtb-bt-mw-manifest-fv2.xml'
Finished download of file 'https://github.com/Infineon/mtb-bt-mw-manifest/raw/v2.X/mtb-bt-mw-dependencies-manifest.xml'
Finished download of file 'https://github.com/Infineon/mtb-wifi-mw-manifest/raw/v2.X/mtb-wifi-mw-manifest.xml'
Finished download of file 'https://github.com/Infineon/mtb-wifi-mw-manifest/raw/v2.X/mtb-wifi-mw-manifest-fv2.xml'
Finished download of file 'https://github.com/Infineon/mtb-wifi-mw-manifest/raw/v2.X/mtb-wifi-mw-dependencies-manifest.xml'
Finished download of file 'https://github.com/CyberonEBU/cyberon-mtb-mw-manifest/raw/main/cyberon-mtb-mw-manifest-fv2.xml'
Finished download of file 'https://github.com/golioth/mtb-golioth-mw-manifest/raw/main/mtb-golioth-mw-manifest-fv2.xml'
Finished download of file 'https://github.com/memfault/mtb-memfault-mw-manifest/raw/main/mtb-memfault-mw-manifest-fv2.xml'
Finished download of file 'https://github.com/sensiml/sensiml-mw-manifest/raw/main/sensiml-mw-manifest-fv2.xml'
Finished loading the manifest data (3048 ms)
Loading the device db
Finished loading the device db (6466 ms)
the application environment had an empty 'MTB_CACHE_DIR', assuming default location
the application environment had an empty 'MTB_OFFLINE_DIR', assuming default location
the application environment had an empty 'MTB_GLOBAL_DIR', assuming default location
Starting to refresh dependencies for project 'OTA_FirmwareUpgrade'.
Requested to remove the asset '20835B1'.
Requested to remove the asset 'btsdk-common'.
Requested to remove the asset 'btsdk-include'.
Requested to remove the asset 'btsdk-tools'.
Requested to remove the asset 'btsdk-utils'.
Requested to remove the asset 'core-make'.
Requested to add the asset 'CYW20835B1'.
Requested to add the asset 'BTSDK Shared Includes'.
Requested to add the asset 'BTSDK Tools'.
Requested to add the asset 'BTSDK Utilities'.
Requested to add the asset 'BTSDK Shared Source'.
Requested to add the asset 'core-make'.
Found direct dependencies 'btsdk-ota, btsdk-peer-apps-ota, TARGET_CYBLE-333074-EVAL-M2B'.
Found new indirect dependencies 'CYW20835B1, BTSDK Shared Includes, BTSDK Tools, BTSDK Utilities, BTSDK Shared Source, core-make'.
Refreshed all dependencies for project 'OTA_FirmwareUpgrade'.
0 error(s), 0 warning(s)
Successfully acquired the information.
Note: This application uses the ModusToolbox 2.x application structure and so incompatible 3.x content is not displayed. See KBA 236134 for instructions on modifying the application to be compatible with 3.x content.
Requested to add the BSP asset 'CYBT-213043-EVAL'.
Starting to refresh dependencies for project 'OTA_FirmwareUpgrade'.
Requested to remove the asset '20835B1'.
Requested to remove the asset 'btsdk-common'.
Requested to remove the asset 'btsdk-include'.
Requested to remove the asset 'btsdk-tools'.
Requested to remove the asset 'btsdk-utils'.
Requested to remove the asset 'core-make'.
Requested to add the asset 'CYW20835B1'.
Requested to add the asset 'BTSDK Shared Includes'.
Requested to add the asset 'BTSDK Tools'.
Requested to add the asset 'BTSDK Utilities'.
Requested to add the asset 'BTSDK Shared Source'.
Requested to add the asset 'core-make'.
Found direct dependencies 'btsdk-ota, btsdk-peer-apps-ota, TARGET_CYBLE-333074-EVAL-M2B'.
Found new indirect dependencies 'CYW20835B1, BTSDK Shared Includes, BTSDK Tools, BTSDK Utilities, BTSDK Shared Source, core-make'.
Refreshed all dependencies for project 'OTA_FirmwareUpgrade'.
Requested to change the active target to 'CYBT-213043-EVAL'.
Starting to refresh dependencies for project 'OTA_FirmwareUpgrade'.
Requested to remove the asset '20835B1'.
Requested to remove the asset 'btsdk-common'.
Requested to remove the asset 'btsdk-include'.
Requested to remove the asset 'btsdk-tools'.
Requested to remove the asset 'btsdk-utils'.
Requested to remove the asset 'core-make'.
Requested to add the asset 'CYW20819A1'.
Requested to add the asset 'BTSDK Shared Includes'.
Requested to add the asset 'BTSDK Tools'.
Requested to add the asset 'BTSDK Utilities'.
Requested to add the asset 'BTSDK Shared Source'.
Requested to add the asset 'core-make'.
Found direct dependencies 'btsdk-ota, btsdk-peer-apps-ota, CYBT-213043-EVAL'.
Found new indirect dependencies 'CYW20819A1, BTSDK Shared Includes, BTSDK Tools, BTSDK Utilities, BTSDK Shared Source, core-make'.
Refreshed all dependencies for project 'OTA_FirmwareUpgrade'.

Starting to refresh dependencies for project 'OTA_FirmwareUpgrade'.
Requested to remove the asset '20835B1'.
Requested to remove the asset 'btsdk-common'.
Requested to remove the asset 'btsdk-include'.
Requested to remove the asset 'btsdk-tools'.
Requested to remove the asset 'btsdk-utils'.
Requested to remove the asset 'core-make'.
Requested to add the asset 'CYW20819A1'.
Requested to add the asset 'BTSDK Shared Includes'.
Requested to add the asset 'BTSDK Tools'.
Requested to add the asset 'BTSDK Utilities'.
Requested to add the asset 'BTSDK Shared Source'.
Requested to add the asset 'core-make'.
Found direct dependencies 'btsdk-ota, btsdk-peer-apps-ota, CYBT-213043-EVAL'.
Found new indirect dependencies 'CYW20819A1, BTSDK Shared Includes, BTSDK Tools, BTSDK Utilities, BTSDK Shared Source, core-make'.
Refreshed all dependencies for project 'OTA_FirmwareUpgrade'.

Changelog for project "Firmware_Upgrade_via_OTA_20":
Active BSP changed to CYBT-213043-EVAL
CYBT-213043-EVAL version release-v3.3.0 added (CYBT-213043-EVAL)
CYW20819A1 version release-v4.2.1 added
20835B1 version release-v4.2.1 removed

Click "Update" to commit the changesUpdating application "Firmware_Upgrade_via_OTA_20" ...
Starting to commit changes to the filesystem and project 'OTA_FirmwareUpgrade'.
Requested asset 'btsdk-ota'.
Requested asset 'btsdk-peer-apps-ota'.
Requested asset 'TARGET_CYBLE-333074-EVAL-M2B'.
Requested asset 'CYBT-213043-EVAL'.
Requested asset 'btsdk-common'.
Requested asset 'btsdk-include'.
Requested asset 'btsdk-tools'.
Requested asset 'btsdk-utils'.
Requested asset 'core-make'.
Requested asset 'CYW20819A1'.
Removed the file 'C:/Users/Jared/mtw/Firmware_Upgrade_via_OTA_20/libs/20835B1.mtb'.
Writing mtb file for asset 'CYBT-213043-EVAL' to the folder 'C:/Users/Jared/mtw/Firmware_Upgrade_via_OTA_20/deps'.
Writing mtb file for asset 'CYW20819A1' to the folder 'C:/Users/Jared/mtw/Firmware_Upgrade_via_OTA_20/libs'.
Starting to fetch assets for the project directory 'C:/Users/Jared/mtw/Firmware_Upgrade_via_OTA_20'.
Starting: git -C C:/Users/Jared/mtw/mtb_shared/wiced_btsdk/dev-kit/libraries/btsdk-ota/release-v4.2.0 config remote.origin.fetch 'refs/heads/*:refs/heads/*'
Starting: git -C C:/Users/Jared/mtw/mtb_shared/wiced_btsdk/tools/btsdk-peer-apps-ota/release-v3.3.0 config remote.origin.fetch 'refs/heads/*:refs/heads/*'
Starting: git -C C:/Users/Jared/mtw/mtb_shared/wiced_btsdk/dev-kit/bsp/TARGET_CYBLE-333074-EVAL-M2B/release-v3.3.0 config remote.origin.fetch 'refs/heads/*:refs/heads/*'
Starting: git -C C:/Users/Jared/mtw/mtb_shared/wiced_btsdk/dev-kit/bsp/TARGET_CYBT-213043-EVAL/release-v3.3.0 config remote.origin.fetch 'refs/heads/*:refs/heads/*'
Starting: git -C C:/Users/Jared/mtw/mtb_shared/wiced_btsdk/dev-kit/libraries/btsdk-common/release-v4.2.1 config remote.origin.fetch 'refs/heads/*:refs/heads/*'
Starting: git -C C:/Users/Jared/mtw/mtb_shared/wiced_btsdk/dev-kit/btsdk-include/release-v4.2.1 config remote.origin.fetch 'refs/heads/*:refs/heads/*'
Starting: git -C C:/Users/Jared/mtw/mtb_shared/wiced_btsdk/dev-kit/btsdk-tools/release-v3.3.0 config remote.origin.fetch 'refs/heads/*:refs/heads/*'
Starting: git -C C:/Users/Jared/mtw/mtb_shared/wiced_btsdk/tools/btsdk-utils/release-v4.2.0 config remote.origin.fetch 'refs/heads/*:refs/heads/*'
Starting: git -C C:/Users/Jared/mtw/mtb_shared/core-make/release-v1.9.1 config remote.origin.fetch 'refs/heads/*:refs/heads/*'
Starting: git -C C:/Users/Jared/mtw/mtb_shared/wiced_btsdk/dev-kit/baselib/20819A1/release-v4.2.1 config remote.origin.fetch 'refs/heads/*:refs/heads/*'
Success: git -C C:/Users/Jared/mtw/mtb_shared/wiced_btsdk/dev-kit/libraries/btsdk-ota/release-v4.2.0 config remote.origin.fetch 'refs/heads/*:refs/heads/*'
Success: git -C C:/Users/Jared/mtw/mtb_shared/wiced_btsdk/dev-kit/bsp/TARGET_CYBLE-333074-EVAL-M2B/release-v3.3.0 config remote.origin.fetch 'refs/heads/*:refs/heads/*'
Success: git -C C:/Users/Jared/mtw/mtb_shared/wiced_btsdk/dev-kit/libraries/btsdk-common/release-v4.2.1 config remote.origin.fetch 'refs/heads/*:refs/heads/*'
Success: git -C C:/Users/Jared/mtw/mtb_shared/wiced_btsdk/tools/btsdk-peer-apps-ota/release-v3.3.0 config remote.origin.fetch 'refs/heads/*:refs/heads/*'
Success: git -C C:/Users/Jared/mtw/mtb_shared/wiced_btsdk/dev-kit/bsp/TARGET_CYBT-213043-EVAL/release-v3.3.0 config remote.origin.fetch 'refs/heads/*:refs/heads/*'
Starting: git -C C:/Users/Jared/mtw/mtb_shared/wiced_btsdk/dev-kit/libraries/btsdk-ota/release-v4.2.0 fetch cypress --tags --force --quiet
Starting: git -C C:/Users/Jared/mtw/mtb_shared/wiced_btsdk/dev-kit/bsp/TARGET_CYBLE-333074-EVAL-M2B/release-v3.3.0 fetch cypress --tags --force --quiet
Starting: git -C C:/Users/Jared/mtw/mtb_shared/wiced_btsdk/dev-kit/libraries/btsdk-common/release-v4.2.1 fetch cypress --tags --force --quiet
Starting: git -C C:/Users/Jared/mtw/mtb_shared/wiced_btsdk/tools/btsdk-peer-apps-ota/release-v3.3.0 fetch cypress --tags --force --quiet
Starting: git -C C:/Users/Jared/mtw/mtb_shared/wiced_btsdk/dev-kit/bsp/TARGET_CYBT-213043-EVAL/release-v3.3.0 fetch cypress --tags --force --quiet
Success: git -C C:/Users/Jared/mtw/mtb_shared/wiced_btsdk/dev-kit/btsdk-include/release-v4.2.1 config remote.origin.fetch 'refs/heads/*:refs/heads/*'
Success: git -C C:/Users/Jared/mtw/mtb_shared/wiced_btsdk/tools/btsdk-utils/release-v4.2.0 config remote.origin.fetch 'refs/heads/*:refs/heads/*'
Success: git -C C:/Users/Jared/mtw/mtb_shared/wiced_btsdk/dev-kit/btsdk-tools/release-v3.3.0 config remote.origin.fetch 'refs/heads/*:refs/heads/*'
Success: git -C C:/Users/Jared/mtw/mtb_shared/core-make/release-v1.9.1 config remote.origin.fetch 'refs/heads/*:refs/heads/*'
Starting: git -C C:/Users/Jared/mtw/mtb_shared/wiced_btsdk/dev-kit/btsdk-include/release-v4.2.1 fetch cypress --tags --force --quiet
Starting: git -C C:/Users/Jared/mtw/mtb_shared/wiced_btsdk/tools/btsdk-utils/release-v4.2.0 fetch cypress --tags --force --quiet
Starting: git -C C:/Users/Jared/mtw/mtb_shared/wiced_btsdk/dev-kit/btsdk-tools/release-v3.3.0 fetch cypress --tags --force --quiet
Starting: git -C C:/Users/Jared/mtw/mtb_shared/core-make/release-v1.9.1 fetch cypress --tags --force --quiet
Success: git -C C:/Users/Jared/mtw/mtb_shared/wiced_btsdk/dev-kit/baselib/20819A1/release-v4.2.1 config remote.origin.fetch 'refs/heads/*:refs/heads/*'
Starting: git -C C:/Users/Jared/mtw/mtb_shared/wiced_btsdk/dev-kit/baselib/20819A1/release-v4.2.1 fetch cypress --tags --force --quiet
Success: git -C C:/Users/Jared/mtw/mtb_shared/wiced_btsdk/dev-kit/libraries/btsdk-ota/release-v4.2.0 fetch cypress --tags --force --quiet
Starting: git -C C:/Users/Jared/mtw/mtb_shared/wiced_btsdk/dev-kit/libraries/btsdk-ota/release-v4.2.0 checkout release-v4.2.0
Success: git -C C:/Users/Jared/mtw/mtb_shared/wiced_btsdk/dev-kit/bsp/TARGET_CYBLE-333074-EVAL-M2B/release-v3.3.0 fetch cypress --tags --force --quiet
Starting: git -C C:/Users/Jared/mtw/mtb_shared/wiced_btsdk/dev-kit/bsp/TARGET_CYBLE-333074-EVAL-M2B/release-v3.3.0 checkout release-v3.3.0
Success: git -C C:/Users/Jared/mtw/mtb_shared/wiced_btsdk/dev-kit/libraries/btsdk-common/release-v4.2.1 fetch cypress --tags --force --quiet
Starting: git -C C:/Users/Jared/mtw/mtb_shared/wiced_btsdk/dev-kit/libraries/btsdk-common/release-v4.2.1 checkout release-v4.2.1
Success: git -C C:/Users/Jared/mtw/mtb_shared/wiced_btsdk/tools/btsdk-peer-apps-ota/release-v3.3.0 fetch cypress --tags --force --quiet
Starting: git -C C:/Users/Jared/mtw/mtb_shared/wiced_btsdk/tools/btsdk-peer-apps-ota/release-v3.3.0 checkout release-v3.3.0
Success: git -C C:/Users/Jared/mtw/mtb_shared/wiced_btsdk/dev-kit/bsp/TARGET_CYBT-213043-EVAL/release-v3.3.0 fetch cypress --tags --force --quiet
Starting: git -C C:/Users/Jared/mtw/mtb_shared/wiced_btsdk/dev-kit/bsp/TARGET_CYBT-213043-EVAL/release-v3.3.0 checkout release-v3.3.0
HEAD is now at e712ae8 Upload TARGET_CYBLE-333074-EVAL-M2B 3.3.0.23146
Success: git -C C:/Users/Jared/mtw/mtb_shared/wiced_btsdk/dev-kit/bsp/TARGET_CYBLE-333074-EVAL-M2B/release-v3.3.0 checkout release-v3.3.0
Finished processing TARGET_CYBLE-333074-EVAL-M2B
HEAD is now at 76ea3bc Upload btsdk-ota 4.2.0.11524 [916]
Success: git -C C:/Users/Jared/mtw/mtb_shared/wiced_btsdk/dev-kit/libraries/btsdk-ota/release-v4.2.0 checkout release-v4.2.0
Finished processing btsdk-ota
Success: git -C C:/Users/Jared/mtw/mtb_shared/wiced_btsdk/dev-kit/btsdk-include/release-v4.2.1 fetch cypress --tags --force --quiet
Starting: git -C C:/Users/Jared/mtw/mtb_shared/wiced_btsdk/dev-kit/btsdk-include/release-v4.2.1 checkout release-v4.2.1
HEAD is now at 745aafa Upload btsdk-common 4.2.1.2932 [1100]
Success: git -C C:/Users/Jared/mtw/mtb_shared/wiced_btsdk/dev-kit/libraries/btsdk-common/release-v4.2.1 checkout release-v4.2.1
Finished processing btsdk-common
Success: git -C C:/Users/Jared/mtw/mtb_shared/wiced_btsdk/dev-kit/btsdk-tools/release-v3.3.0 fetch cypress --tags --force --quiet
Starting: git -C C:/Users/Jared/mtw/mtb_shared/wiced_btsdk/dev-kit/btsdk-tools/release-v3.3.0 checkout release-v3.3.0
Success: git -C C:/Users/Jared/mtw/mtb_shared/wiced_btsdk/tools/btsdk-utils/release-v4.2.0 fetch cypress --tags --force --quiet
Starting: git -C C:/Users/Jared/mtw/mtb_shared/wiced_btsdk/tools/btsdk-utils/release-v4.2.0 checkout release-v4.2.0
HEAD is now at 8b5d2e2 Upload TARGET_CYBT-213043-EVAL 3.3.0.23146
Success: git -C C:/Users/Jared/mtw/mtb_shared/wiced_btsdk/dev-kit/bsp/TARGET_CYBT-213043-EVAL/release-v3.3.0 checkout release-v3.3.0
Finished processing TARGET_CYBT-213043-EVAL
Success: git -C C:/Users/Jared/mtw/mtb_shared/core-make/release-v1.9.1 fetch cypress --tags --force --quiet
Starting: git -C C:/Users/Jared/mtw/mtb_shared/core-make/release-v1.9.1 checkout release-v1.9.1
HEAD is now at 3338ff8 Upload btsdk-include 4.2.1.2932 [1100]
Success: git -C C:/Users/Jared/mtw/mtb_shared/wiced_btsdk/dev-kit/btsdk-include/release-v4.2.1 checkout release-v4.2.1
Finished processing btsdk-include
Success: git -C C:/Users/Jared/mtw/mtb_shared/wiced_btsdk/dev-kit/baselib/20819A1/release-v4.2.1 fetch cypress --tags --force --quiet
Starting: git -C C:/Users/Jared/mtw/mtb_shared/wiced_btsdk/dev-kit/baselib/20819A1/release-v4.2.1 checkout release-v4.2.1
HEAD is now at 251ade9 Upload core-make 1.9.1.3159
Success: git -C C:/Users/Jared/mtw/mtb_shared/core-make/release-v1.9.1 checkout release-v1.9.1
Finished processing core-make
HEAD is now at 0943e94 Upload btsdk-tools 3.3.0.23146
Success: git -C C:/Users/Jared/mtw/mtb_shared/wiced_btsdk/dev-kit/btsdk-tools/release-v3.3.0 checkout release-v3.3.0
Finished processing btsdk-tools
HEAD is now at 9c267c4 Upload btsdk-peer-apps-ota 3.3.0.23146
Success: git -C C:/Users/Jared/mtw/mtb_shared/wiced_btsdk/tools/btsdk-peer-apps-ota/release-v3.3.0 checkout release-v3.3.0
Finished processing btsdk-peer-apps-ota
HEAD is now at 29d3764 Upload btsdk-utils 4.2.0.11524 [916]
Success: git -C C:/Users/Jared/mtw/mtb_shared/wiced_btsdk/tools/btsdk-utils/release-v4.2.0 checkout release-v4.2.0
Finished processing btsdk-utils
HEAD is now at 215c03d Upload 20819A1 4.2.1.2932 [1100]
Success: git -C C:/Users/Jared/mtw/mtb_shared/wiced_btsdk/dev-kit/baselib/20819A1/release-v4.2.1 checkout release-v4.2.1
Finished processing 20819A1
Fetched all assets for the project directory 'C:/Users/Jared/mtw/Firmware_Upgrade_via_OTA_20'.
ERROR:Failed to commit changes to the project 'OTA_FirmwareUpgrade'.
ERROR:makefile:184: *** TARGET CYBT-213043-EVAL not supported for this application. Edit SUPPORTED_TARGETS in the code example makefile to add new BSPs.  Stop.

1 error(s), 0 warning(s)
ERROR:Failed to update application "Firmware_Upgrade_via_OTA_20"

Starting to refresh dependencies for project 'OTA_FirmwareUpgrade'.
Requested to remove the asset 'btsdk-common'.
Requested to remove the asset 'btsdk-include'.
Requested to remove the asset 'btsdk-tools'.
Requested to remove the asset 'btsdk-utils'.
Requested to remove the asset 'core-make'.
Requested to remove the asset 'CYW20819A1'.
Requested to add the asset 'CYW20819A1'.
Requested to add the asset 'BTSDK Shared Includes'.
Requested to add the asset 'BTSDK Tools'.
Requested to add the asset 'BTSDK Utilities'.
Requested to add the asset 'BTSDK Shared Source'.
Requested to add the asset 'core-make'.
Found direct dependencies 'btsdk-ota, btsdk-peer-apps-ota, CYBT-213043-EVAL'.
Found new indirect dependencies 'CYW20819A1, BTSDK Shared Includes, BTSDK Tools, BTSDK Utilities, BTSDK Shared Source, core-make'.
Refreshed all dependencies for project 'OTA_FirmwareUpgrade'.
